E:\GISTide\qtProjects\copyFile\copyFile\Debug\cl.command.1.tlog
E:\GISTide\qtProjects\copyFile\copyFile\Debug\CL.read.1.tlog
E:\GISTide\qtProjects\copyFile\copyFile\Debug\CL.write.1.tlog
E:\GISTIDE\QTPROJECTS\COPYFILE\COPYFILE\DEBUG\COPYFILE.EXE.INTERMEDIATE.MANIFEST
E:\GISTIDE\QTPROJECTS\COPYFILE\COPYFILE\DEBUG\COPYFILE.RES
E:\GISTide\qtProjects\copyFile\copyFile\Debug\copyFile.vcxprojResolveAssemblyReference.cache
E:\GISTide\qtProjects\copyFile\copyFile\Debug\copyFile.write.1.tlog
E:\GISTIDE\QTPROJECTS\COPYFILE\COPYFILE\DEBUG\COPYMAINWINDOW.OBJ
E:\GISTIDE\QTPROJECTS\COPYFILE\COPYFILE\DEBUG\COPYTHREAD.OBJ
E:\GISTide\qtProjects\copyFile\copyFile\Debug\custombuild.command.1.tlog
E:\GISTide\qtProjects\copyFile\copyFile\Debug\custombuild.read.1.tlog
E:\GISTide\qtProjects\copyFile\copyFile\Debug\custombuild.write.1.tlog
E:\GISTide\qtProjects\copyFile\copyFile\Debug\link.command.1.tlog
E:\GISTide\qtProjects\copyFile\copyFile\Debug\link.read.1.tlog
E:\GISTide\qtProjects\copyFile\copyFile\Debug\link.write.1.tlog
E:\GISTide\qtProjects\copyFile\copyFile\Debug\link-cvtres.read.1.tlog
E:\GISTide\qtProjects\copyFile\copyFile\Debug\link-cvtres.write.1.tlog
E:\GISTIDE\QTPROJECTS\COPYFILE\COPYFILE\DEBUG\MAIN.OBJ
E:\GISTIDE\QTPROJECTS\COPYFILE\COPYFILE\DEBUG\MOC_COPYMAINWINDOW.OBJ
E:\GISTIDE\QTPROJECTS\COPYFILE\COPYFILE\DEBUG\MOC_COPYTHREAD.OBJ
E:\GISTIDE\QTPROJECTS\COPYFILE\COPYFILE\DEBUG\MOC_TASKPOOL.OBJ
E:\GISTide\qtProjects\copyFile\copyFile\Debug\mt.command.1.tlog
E:\GISTide\qtProjects\copyFile\copyFile\Debug\mt.read.1.tlog
E:\GISTide\qtProjects\copyFile\copyFile\Debug\mt.write.1.tlog
E:\GISTide\qtProjects\copyFile\copyFile\Debug\rc.command.1.tlog
E:\GISTide\qtProjects\copyFile\copyFile\Debug\rc.read.1.tlog
E:\GISTide\qtProjects\copyFile\copyFile\Debug\rc.write.1.tlog
E:\GISTIDE\QTPROJECTS\COPYFILE\COPYFILE\DEBUG\TASK.OBJ
E:\GISTIDE\QTPROJECTS\COPYFILE\COPYFILE\DEBUG\TASKPOOL.OBJ
E:\GISTIDE\QTPROJECTS\COPYFILE\COPYFILE\DEBUG\VC100.PDB
E:\GISTIDE\QTPROJECTS\COPYFILE\COPYFILE\GENERATEDFILES\DEBUG\MOC_COPYMAINWINDOW.CPP
E:\GISTIDE\QTPROJECTS\COPYFILE\COPYFILE\GENERATEDFILES\DEBUG\MOC_COPYTHREAD.CPP
E:\GISTIDE\QTPROJECTS\COPYFILE\COPYFILE\GENERATEDFILES\DEBUG\MOC_TASKPOOL.CPP
E:\GISTIDE\QTPROJECTS\COPYFILE\COPYFILE\GENERATEDFILES\UI_COPYMAINWINDOW.H
E:\GISTIDE\QTPROJECTS\COPYFILE\WIN32\DEBUG\COPYFILE.EXE
E:\GISTIDE\QTPROJECTS\COPYFILE\WIN32\DEBUG\COPYFILE.ILK
E:\GISTIDE\QTPROJECTS\COPYFILE\WIN32\DEBUG\COPYFILE.PDB
