生成启动时间为 2017/8/24 16:55:16。
     1>项目“E:\GISTide\qtProjects\copyFile\copyFile\copyFile.vcxproj”在节点 2 上(build 个目标)。
     1>InitializeBuildStatus:
         正在创建“Debug\copyFile.unsuccessfulbuild”，因为已指定“AlwaysCreate”。
       CustomBuild:
         所有输出均为最新。
       ClCompile:
         C:\Program Files (x86)\Microsoft Visual Studio 10.0\VC\bin\CL.exe /c /I.\GeneratedFiles /I. /IE:\Qt\4.8.5\include /I.\GeneratedFiles\Debug /IE:\Qt\4.8.5\include\QtCore /IE:\Qt\4.8.5\include\QtGui /IE:\Qt\4.8.5\include\QtNetwork /I.\src /Zi /nologo /W1 /WX- /Od /Oy- /D UNICODE /D WIN32 /D QT_DLL /D QT_CORE_LIB /D QT_GUI_LIB /D QT_NETWORK_LIB /Gm- /EHsc /MDd /GS /fp:precise /Zc:wchar_t- /Zc:forScope /Fo"Debug\\" /Fd"Debug\vc100.pdb" /Gd /TP /analyze- /errorReport:prompt copymainwindow.cpp
         copymainwindow.cpp
       ResourceCompile:
         所有输出均为最新。
       Link:
         C:\Program Files (x86)\Microsoft Visual Studio 10.0\VC\bin\link.exe /ERRORREPORT:PROMPT /OUT:"E:\GISTide\qtProjects\copyFile\Win32\Debug\\copyFile.exe" /NOLOGO /LIBPATH:E:\Qt\4.8.5\lib qtmaind.lib QtCored4.lib QtGuid4.lib QtNetworkd4.lib kernel32.lib user32.lib gdi32.lib winspool.lib comdlg32.lib advapi32.lib shell32.lib ole32.lib oleaut32.lib uuid.lib odbc32.lib odbccp32.lib /MANIFEST /ManifestFile:"Debug\copyFile.exe.intermediate.manifest" /MANIFESTUAC:"level='asInvoker' uiAccess='false'" /DEBUG /PDB:"E:\GISTide\qtProjects\copyFile\Win32\Debug\copyFile.pdb" /SUBSYSTEM:WINDOWS /TLBID:1 /DYNAMICBASE /NXCOMPAT /IMPLIB:"E:\GISTide\qtProjects\copyFile\Win32\Debug\copyFile.lib" /MACHINE:X86 Debug\copyFile.res
         Debug\copymainwindow.obj
         Debug\moc_copymainwindow.obj
         Debug\moc_copythread.obj
         Debug\moc_TaskPool.obj
         Debug\main.obj
         Debug\copythread.obj
         Debug\Task.obj
         Debug\TaskPool.obj
         LINK : 没有找到 E:\GISTide\qtProjects\copyFile\Win32\Debug\\copyFile.exe 或上一个增量链接没有生成它；正在执行完全链接
         copyFile.vcxproj -> E:\GISTide\qtProjects\copyFile\Win32\Debug\copyFile.exe
       Manifest:
         C:\Program Files (x86)\Microsoft SDKs\Windows\v7.0A\bin\mt.exe /nologo /verbose /outputresource:"E:\GISTide\qtProjects\copyFile\Win32\Debug\\copyFile.exe;#1" /manifest Debug\copyFile.exe.intermediate.manifest
       FinalizeBuildStatus:
         正在删除文件“Debug\copyFile.unsuccessfulbuild”。
         正在对“Debug\copyFile.lastbuildstate”执行 Touch 任务。
     1>已完成生成项目“E:\GISTide\qtProjects\copyFile\copyFile\copyFile.vcxproj”(build 个目标)的操作。

生成成功。

已用时间 00:00:08.16
